2018-04-22 15:21:07 INFO  RestfulUtil:17 - Inside static block
2018-04-22 15:21:07 INFO  RestfulUtil:29 - delete log from logs folder
2018-04-22 15:21:07 DEBUG RestfulUtil:34 - Logs deleted
2018-04-22 15:21:07 DEBUG RestfulUtil:34 - Logs deleted
2018-04-22 15:21:07 INFO  GlobalStepDefinition:35 - Inside Setup method
2018-04-22 15:21:07 INFO  RestfulUtil:40 - Inside getConfigProperties Method
2018-04-22 15:21:07 DEBUG RequestAddCookies:123 - CookieSpec selected: default
2018-04-22 15:21:07 DEBUG RequestAuthCache:77 - Auth cache not set in the context
2018-04-22 15:21:07 DEBUG PoolingHttpClientConnectionManager:265 - Connection request: [route: {}->http://restapi.demoqa.com:80][total kept alive: 0; route allocated: 0 of 2; total allocated: 0 of 20]
2018-04-22 15:21:07 DEBUG PoolingHttpClientConnectionManager:309 - Connection leased: [id: 0][route: {}->http://restapi.demoqa.com:80][total kept alive: 0; route allocated: 1 of 2; total allocated: 1 of 20]
2018-04-22 15:21:07 DEBUG MainClientExec:235 - Opening connection {}->http://restapi.demoqa.com:80
2018-04-22 15:21:07 DEBUG DefaultHttpClientConnectionOperator:139 - Connecting to restapi.demoqa.com/108.167.140.152:80
2018-04-22 15:21:08 DEBUG DefaultHttpClientConnectionOperator:146 - Connection established 192.168.0.3:49654<->108.167.140.152:80
2018-04-22 15:21:08 DEBUG MainClientExec:256 - Executing request GET /utilities/weather/city/Hyderabad HTTP/1.1
2018-04-22 15:21:08 DEBUG MainClientExec:261 - Target auth state: UNCHALLENGED
2018-04-22 15:21:08 DEBUG MainClientExec:267 - Proxy auth state: UNCHALLENGED
2018-04-22 15:21:08 DEBUG headers:133 - http-outgoing-0 >> GET /utilities/weather/city/Hyderabad HTTP/1.1
2018-04-22 15:21:08 DEBUG headers:136 - http-outgoing-0 >> Host: restapi.demoqa.com
2018-04-22 15:21:08 DEBUG headers:136 - http-outgoing-0 >> Connection: Keep-Alive
2018-04-22 15:21:08 DEBUG headers:136 - http-outgoing-0 >> User-Agent: Apache-HttpClient/4.5.5 (Java/1.8.0_161)
2018-04-22 15:21:08 DEBUG headers:136 - http-outgoing-0 >> Accept-Encoding: gzip,deflate
2018-04-22 15:21:08 DEBUG wire:73 - http-outgoing-0 >> "GET /utilities/weather/city/Hyderabad HTTP/1.1[\r][\n]"
2018-04-22 15:21:08 DEBUG wire:73 - http-outgoing-0 >> "Host: restapi.demoqa.com[\r][\n]"
2018-04-22 15:21:08 DEBUG wire:73 - http-outgoing-0 >> "Connection: Keep-Alive[\r][\n]"
2018-04-22 15:21:08 DEBUG wire:73 - http-outgoing-0 >> "User-Agent: Apache-HttpClient/4.5.5 (Java/1.8.0_161)[\r][\n]"
2018-04-22 15:21:08 DEBUG wire:73 - http-outgoing-0 >> "Accept-Encoding: gzip,deflate[\r][\n]"
2018-04-22 15:21:08 DEBUG wire:73 - http-outgoing-0 >> "[\r][\n]"
2018-04-22 15:21:08 DEBUG wire:73 - http-outgoing-0 << "HTTP/1.1 200 OK[\r][\n]"
2018-04-22 15:21:08 DEBUG wire:73 - http-outgoing-0 << "Server: nginx/1.12.2[\r][\n]"
2018-04-22 15:21:08 DEBUG wire:73 - http-outgoing-0 << "Date: Sun, 22 Apr 2018 09:50:16 GMT[\r][\n]"
2018-04-22 15:21:08 DEBUG wire:73 - http-outgoing-0 << "Content-Type: application/json[\r][\n]"
2018-04-22 15:21:08 DEBUG wire:73 - http-outgoing-0 << "Content-Length: 167[\r][\n]"
2018-04-22 15:21:08 DEBUG wire:73 - http-outgoing-0 << "Connection: keep-alive[\r][\n]"
2018-04-22 15:21:08 DEBUG wire:73 - http-outgoing-0 << "Cache-Control: max-age=2592000[\r][\n]"
2018-04-22 15:21:08 DEBUG wire:73 - http-outgoing-0 << "Expires: Tue, 22 May 2018 09:50:16 GMT[\r][\n]"
2018-04-22 15:21:08 DEBUG wire:73 - http-outgoing-0 << "Vary: Accept-Encoding,User-Agent[\r][\n]"
2018-04-22 15:21:08 DEBUG wire:73 - http-outgoing-0 << "Content-Encoding: gzip[\r][\n]"
2018-04-22 15:21:08 DEBUG wire:73 - http-outgoing-0 << "Access-Control-Allow-Origin: *[\r][\n]"
2018-04-22 15:21:08 DEBUG wire:73 - http-outgoing-0 << "[\r][\n]"
2018-04-22 15:21:08 DEBUG wire:87 - http-outgoing-0 << "[0x1f][0x8b][0x8][0x0][0x0][0x0][0x0][0x0][0x0][0x3]M[0x8e]1[0xb][0xc2]0[0x10]F[0xf7][0xfe][0x8a]#[0xb3][0x14][0xb4]([0xc5][0xd5][0xe][0x5][0x17]A[0xa1]s[0xcc]}[0xd8]@[0xdb][0x94]K2[0x14][0xf1][0xbf][0xdb][0xd0]V[0xbc][0xf1][0xde][0xe3][0xe3][0xbd]3[0x9a]O]l[0x98][0xd4][0x99]T=1D?5[0xab][0xdd][0x2][0x1e][0xe8][0xc7][0xf9][0x13][0xa2] [0xf1][0xa2][0xcc]O%Ux[0x9]@[0x6][0x9d][0xb7][0xd1]oj[0x1d]{[0xcb][0xeb]Nq[0xa0][0x1b][0xc4]`[0x8][0x1b]m[0xa0]C[0xb][0xa9][0xe0][0x8d][0xd8]1X7$[0xcf][0x1b][0x1d][0x2][0x4]L[0xa6]s[0x91][[0x8d][0x1d][0xf8]>[0x2][0x9c][0xa4]}~[0xa4]kOs[0x7][0xb5].[0xca][0xbf]SY[0x81]IcKR[0xb2][0xd7]:[0x95]}[0xbe][0x80]5[0xaf][0xe7][0xdc][0x0][0x0][0x0]"
2018-04-22 15:21:08 DEBUG headers:122 - http-outgoing-0 << HTTP/1.1 200 OK
2018-04-22 15:21:08 DEBUG headers:125 - http-outgoing-0 << Server: nginx/1.12.2
2018-04-22 15:21:08 DEBUG headers:125 - http-outgoing-0 << Date: Sun, 22 Apr 2018 09:50:16 GMT
2018-04-22 15:21:08 DEBUG headers:125 - http-outgoing-0 << Content-Type: application/json
2018-04-22 15:21:08 DEBUG headers:125 - http-outgoing-0 << Content-Length: 167
2018-04-22 15:21:08 DEBUG headers:125 - http-outgoing-0 << Connection: keep-alive
2018-04-22 15:21:08 DEBUG headers:125 - http-outgoing-0 << Cache-Control: max-age=2592000
2018-04-22 15:21:08 DEBUG headers:125 - http-outgoing-0 << Expires: Tue, 22 May 2018 09:50:16 GMT
2018-04-22 15:21:08 DEBUG headers:125 - http-outgoing-0 << Vary: Accept-Encoding,User-Agent
2018-04-22 15:21:08 DEBUG headers:125 - http-outgoing-0 << Content-Encoding: gzip
2018-04-22 15:21:08 DEBUG headers:125 - http-outgoing-0 << Access-Control-Allow-Origin: *
2018-04-22 15:21:08 DEBUG MainClientExec:285 - Connection can be kept alive indefinitely
2018-04-22 15:21:08 DEBUG PoolingHttpClientConnectionManager:341 - Connection [id: 0][route: {}->http://restapi.demoqa.com:80] can be kept alive indefinitely
2018-04-22 15:21:08 DEBUG DefaultManagedHttpClientConnection:88 - http-outgoing-0: set socket timeout to 0
2018-04-22 15:21:08 DEBUG PoolingHttpClientConnectionManager:348 - Connection released: [id: 0][route: {}->http://restapi.demoqa.com:80][total kept alive: 1; route allocated: 1 of 2; total allocated: 1 of 20]
2018-04-22 15:21:08 INFO  GlobalStepDefinition:111 - Inside Teardown method
2018-04-22 15:21:08 INFO  GlobalStepDefinition:35 - Inside Setup method
2018-04-22 15:21:08 INFO  RestfulUtil:40 - Inside getConfigProperties Method
2018-04-22 15:21:08 DEBUG RequestAddCookies:123 - CookieSpec selected: default
2018-04-22 15:21:08 DEBUG RequestAuthCache:77 - Auth cache not set in the context
2018-04-22 15:21:08 DEBUG PoolingHttpClientConnectionManager:265 - Connection request: [route: {}->http://restapi.demoqa.com:80][total kept alive: 0; route allocated: 0 of 2; total allocated: 0 of 20]
2018-04-22 15:21:08 DEBUG PoolingHttpClientConnectionManager:309 - Connection leased: [id: 1][route: {}->http://restapi.demoqa.com:80][total kept alive: 0; route allocated: 1 of 2; total allocated: 1 of 20]
2018-04-22 15:21:08 DEBUG MainClientExec:235 - Opening connection {}->http://restapi.demoqa.com:80
2018-04-22 15:21:08 DEBUG DefaultHttpClientConnectionOperator:139 - Connecting to restapi.demoqa.com/108.167.140.152:80
2018-04-22 15:21:08 DEBUG DefaultHttpClientConnectionOperator:146 - Connection established 192.168.0.3:49655<->108.167.140.152:80
2018-04-22 15:21:08 DEBUG MainClientExec:256 - Executing request GET /utilities/weather/city/Bangalore HTTP/1.1
2018-04-22 15:21:08 DEBUG MainClientExec:261 - Target auth state: UNCHALLENGED
2018-04-22 15:21:08 DEBUG MainClientExec:267 - Proxy auth state: UNCHALLENGED
2018-04-22 15:21:08 DEBUG headers:133 - http-outgoing-1 >> GET /utilities/weather/city/Bangalore HTTP/1.1
2018-04-22 15:21:08 DEBUG headers:136 - http-outgoing-1 >> Host: restapi.demoqa.com
2018-04-22 15:21:08 DEBUG headers:136 - http-outgoing-1 >> Connection: Keep-Alive
2018-04-22 15:21:08 DEBUG headers:136 - http-outgoing-1 >> User-Agent: Apache-HttpClient/4.5.5 (Java/1.8.0_161)
2018-04-22 15:21:08 DEBUG headers:136 - http-outgoing-1 >> Accept-Encoding: gzip,deflate
2018-04-22 15:21:08 DEBUG wire:73 - http-outgoing-1 >> "GET /utilities/weather/city/Bangalore HTTP/1.1[\r][\n]"
2018-04-22 15:21:08 DEBUG wire:73 - http-outgoing-1 >> "Host: restapi.demoqa.com[\r][\n]"
2018-04-22 15:21:08 DEBUG wire:73 - http-outgoing-1 >> "Connection: Keep-Alive[\r][\n]"
2018-04-22 15:21:08 DEBUG wire:73 - http-outgoing-1 >> "User-Agent: Apache-HttpClient/4.5.5 (Java/1.8.0_161)[\r][\n]"
2018-04-22 15:21:08 DEBUG wire:73 - http-outgoing-1 >> "Accept-Encoding: gzip,deflate[\r][\n]"
2018-04-22 15:21:08 DEBUG wire:73 - http-outgoing-1 >> "[\r][\n]"
2018-04-22 15:21:09 DEBUG wire:73 - http-outgoing-1 << "HTTP/1.1 200 OK[\r][\n]"
2018-04-22 15:21:09 DEBUG wire:73 - http-outgoing-1 << "Server: nginx/1.12.2[\r][\n]"
2018-04-22 15:21:09 DEBUG wire:73 - http-outgoing-1 << "Date: Sun, 22 Apr 2018 09:50:17 GMT[\r][\n]"
2018-04-22 15:21:09 DEBUG wire:73 - http-outgoing-1 << "Content-Type: application/json[\r][\n]"
2018-04-22 15:21:09 DEBUG wire:73 - http-outgoing-1 << "Content-Length: 168[\r][\n]"
2018-04-22 15:21:09 DEBUG wire:73 - http-outgoing-1 << "Connection: keep-alive[\r][\n]"
2018-04-22 15:21:09 DEBUG wire:73 - http-outgoing-1 << "Cache-Control: max-age=2592000[\r][\n]"
2018-04-22 15:21:09 DEBUG wire:73 - http-outgoing-1 << "Expires: Tue, 22 May 2018 09:50:17 GMT[\r][\n]"
2018-04-22 15:21:09 DEBUG wire:73 - http-outgoing-1 << "Vary: Accept-Encoding,User-Agent[\r][\n]"
2018-04-22 15:21:09 DEBUG wire:73 - http-outgoing-1 << "Content-Encoding: gzip[\r][\n]"
2018-04-22 15:21:09 DEBUG wire:73 - http-outgoing-1 << "Access-Control-Allow-Origin: *[\r][\n]"
2018-04-22 15:21:09 DEBUG wire:73 - http-outgoing-1 << "[\r][\n]"
2018-04-22 15:21:09 DEBUG wire:73 - http-outgoing-1 << "[0x1f][0x8b][0x8][0x0][0x0][0x0][0x0][0x0][0x0][0x3]M[0x8e][0xc1][\n]"
2018-04-22 15:21:09 DEBUG wire:87 - http-outgoing-1 << "[0xc2]0[0x10]D[0xef][0xfd][0x8a]%g[0x11]K[0x5][0xc1][0xa3][0xf6] x[0x11][0x14]z[0xe][0xc9][0xd0][0x6][0xda][0xa4]l6[0x7][0x11][0xff][0xdd][0xd4][0xb6][0xe2][0x1e][0xe7]=f[0xe7]UP>uv[0xf2]TGR'[0xed][[0xdd][0x7][0x86][0xda][0xcc][0xe0][0x81]a[0x4]kI9[0xca][0xbc][0xaa][0xa8]F[0xcb][0x0][0x19][0xf4][0xd1][0xa5][0xb8]z[0x97]48[0xbb][0x94][0xec]K[0xba][0x81][\r][0xbc][0xac][0xb4][0x81][0x96][0xe]\#[0x1a]v[0xa3][0xb8][0xe0]'/[0x1a]-[0x2][0x86]%[0xd3][0x87]d][0x8d][0xf3][0xf6]>[0x2][0xf6][0xfb]q[[0xd2]u[0xa0]<[0x82][0xba][0x90][0xf8][0xdf][0xa9][0x1d][0xc3]Le[0xf3][0xa4][0xc9]>[0xec][0x96]}[0xaa]x[0x0]B[0x15][0x98][0xd3][0xdb][0x0][0x0][0x0]"
2018-04-22 15:21:09 DEBUG headers:122 - http-outgoing-1 << HTTP/1.1 200 OK
2018-04-22 15:21:09 DEBUG headers:125 - http-outgoing-1 << Server: nginx/1.12.2
2018-04-22 15:21:09 DEBUG headers:125 - http-outgoing-1 << Date: Sun, 22 Apr 2018 09:50:17 GMT
2018-04-22 15:21:09 DEBUG headers:125 - http-outgoing-1 << Content-Type: application/json
2018-04-22 15:21:09 DEBUG headers:125 - http-outgoing-1 << Content-Length: 168
2018-04-22 15:21:09 DEBUG headers:125 - http-outgoing-1 << Connection: keep-alive
2018-04-22 15:21:09 DEBUG headers:125 - http-outgoing-1 << Cache-Control: max-age=2592000
2018-04-22 15:21:09 DEBUG headers:125 - http-outgoing-1 << Expires: Tue, 22 May 2018 09:50:17 GMT
2018-04-22 15:21:09 DEBUG headers:125 - http-outgoing-1 << Vary: Accept-Encoding,User-Agent
2018-04-22 15:21:09 DEBUG headers:125 - http-outgoing-1 << Content-Encoding: gzip
2018-04-22 15:21:09 DEBUG headers:125 - http-outgoing-1 << Access-Control-Allow-Origin: *
2018-04-22 15:21:09 DEBUG MainClientExec:285 - Connection can be kept alive indefinitely
2018-04-22 15:21:09 DEBUG PoolingHttpClientConnectionManager:341 - Connection [id: 1][route: {}->http://restapi.demoqa.com:80] can be kept alive indefinitely
2018-04-22 15:21:09 DEBUG DefaultManagedHttpClientConnection:88 - http-outgoing-1: set socket timeout to 0
2018-04-22 15:21:09 DEBUG PoolingHttpClientConnectionManager:348 - Connection released: [id: 1][route: {}->http://restapi.demoqa.com:80][total kept alive: 1; route allocated: 1 of 2; total allocated: 1 of 20]
2018-04-22 15:21:09 INFO  GlobalStepDefinition:111 - Inside Teardown method
